[2026-02-16T20:06:28.196484] [INFO] 🧠 NOESIS CEREBRAL iniciando...
[2026-02-16T20:06:28.196580] [INFO] 🔄 Sincronizando todos los repositorios públicos...
[2026-02-16T20:06:28.197896] [INFO] 📥 Clonando 141Hz...
[2026-02-16T20:06:28.198014] [INFO] 📥 Clonando adelic-bsd...
[2026-02-16T20:06:28.198320] [INFO] 📥 Clonando 3D-Navier-Stokes...
[2026-02-16T20:06:28.758877] [INFO] ✅ adelic-bsd sincronizado en /tmp/noesis_knowledge/adelic-bsd
[2026-02-16T20:06:28.759000] [INFO] 📥 Clonando Ramsey...
[2026-02-16T20:06:29.172066] [INFO] 📥 Clonando P-NP...
[2026-02-16T20:06:29.172375] [INFO] ✅ 3D-Navier-Stokes sincronizado en /tmp/noesis_knowledge/3D-Navier-Stokes
[2026-02-16T20:06:30.047855] [INFO] ✅ P-NP sincronizado en /tmp/noesis_knowledge/P-NP
[2026-02-16T20:06:30.324754] [INFO] ✅ Ramsey sincronizado en /tmp/noesis_knowledge/Ramsey
[2026-02-16T20:06:32.656121] [INFO] ✅ 141Hz sincronizado en /tmp/noesis_knowledge/141Hz
[2026-02-16T20:06:32.656399] [INFO] 🔍 Extrayendo conocimiento de archivos Lean...
[2026-02-16T20:06:32.660518] [INFO] 📚 Analizando 68 archivos Lean en adelic-bsd
[2026-02-16T20:06:32.680174] [INFO] 📚 Analizando 129 archivos Lean en 3D-Navier-Stokes
[2026-02-16T20:06:32.715095] [INFO] 📚 Analizando 144 archivos Lean en P-NP
[2026-02-16T20:06:32.771414] [INFO] 📚 Analizando 47 archivos Lean en Ramsey
[2026-02-16T20:06:32.787502] [INFO] 📚 Analizando 45 archivos Lean en 141Hz
[2026-02-16T20:06:32.802892] [INFO] 📚 Conocimiento extraído:
[2026-02-16T20:06:32.802938] [INFO]    - 1277 definiciones
[2026-02-16T20:06:32.802966] [INFO]    - 1394 teoremas
[2026-02-16T20:06:32.802989] [INFO]    - 1457 patrones de sorry
[2026-02-16T20:06:32.803023] [INFO] ✅ NOESIS CEREBRAL completado
[2026-02-16T20:06:32.803068] [INFO] 📊 Base de conocimiento guardada en /tmp/noesis_knowledge/knowledge.pkl
