\BOOKMARK [1][-]{section.1}{\376\377\000I\000n\000t\000r\000o\000d\000u\000c\000t\000i\000o\000n}{}% 1
\BOOKMARK [2][-]{subsection.1.1}{\376\377\000M\000a\000i\000n\000\040\000C\000o\000n\000t\000r\000i\000b\000u\000t\000i\000o\000n\000s}{section.1}% 2
\BOOKMARK [2][-]{subsection.1.2}{\376\377\000S\000t\000r\000u\000c\000t\000u\000r\000e\000\040\000o\000f\000\040\000t\000h\000e\000\040\000P\000a\000p\000e\000r}{section.1}% 3
\BOOKMARK [1][-]{section.2}{\376\377\000A\000x\000i\000o\000m\000a\000t\000i\000c\000\040\000S\000c\000a\000l\000e\000\040\000F\000l\000o\000w\000\040\000a\000n\000d\000\040\000S\000p\000e\000c\000t\000r\000a\000l\000\040\000S\000y\000s\000t\000e\000m}{}% 4
\BOOKMARK [1][-]{section.3}{\376\377\000D\000e\000\040\000A\000x\000i\000o\000m\000a\000s\000\040\000a\000\040\000L\000e\000m\000a\000s\000\040\000\050\000A\0001\040\023\000A\0004\000\051}{}% 5
\BOOKMARK [1][-]{section.4}{\376\377\000A\000r\000c\000h\000i\000m\000e\000d\000e\000a\000n\000\040\000R\000i\000g\000i\000d\000i\000t\000y}{}% 6
\BOOKMARK [1][-]{section.5}{\376\377\000T\000e\000o\000r\000e\000m\000a\000\040\000d\000e\000\040\000R\000i\000g\000i\000d\000e\000z\000\040\000A\000r\000q\000u\000i\000m\000e\000d\000i\000a\000n\000a}{}% 7
\BOOKMARK [1][-]{section.6}{\376\377\000P\000a\000l\000e\000y\000-\000W\000i\000e\000n\000e\000r\000\040\000U\000n\000i\000q\000u\000e\000n\000e\000s\000s}{}% 8
\BOOKMARK [1][-]{section.7}{\376\377\000U\000n\000i\000c\000i\000d\000a\000d\000\040\000P\000a\000l\000e\000y\040\023\000W\000i\000e\000n\000e\000r\000\040\000c\000o\000n\000\040\000m\000u\000l\000t\000i\000p\000l\000i\000c\000i\000d\000a\000d\000e\000s}{}% 9
\BOOKMARK [1][-]{section.8}{\376\377\000d\000e\000\040\000B\000r\000a\000n\000g\000e\000s\000\040\000F\000r\000a\000m\000e\000w\000o\000r\000k}{}% 10
\BOOKMARK [1][-]{section.9}{\376\377\000E\000s\000q\000u\000e\000m\000a\000\040\000d\000e\000\040\000d\000e\000\040\000B\000r\000a\000n\000g\000e\000s\000\040\000p\000a\000r\000a\000\040\000D\000\050\000s\000\051}{}% 11
\BOOKMARK [1][-]{section.10}{\376\377\000A\000r\000c\000h\000i\000m\000e\000d\000e\000a\000n\000\040\000F\000a\000c\000t\000o\000r}{}% 12
\BOOKMARK [1][-]{section.11}{\376\377\000F\000a\000c\000t\000o\000r\000\040\000a\000r\000q\000u\000i\000m\000e\000d\000i\000a\000n\000o\000:\000\040\000d\000e\000r\000i\000v\000a\000c\000i\000\363\000n\000\040\000y\000\040\000r\000i\000g\000i\000d\000e\000z}{}% 13
\BOOKMARK [1][-]{section.12}{\376\377\000C\000r\000i\000t\000i\000c\000a\000l\000\040\000L\000i\000n\000e\000\040\000L\000o\000c\000a\000l\000i\000z\000a\000t\000i\000o\000n}{}% 14
\BOOKMARK [1][-]{section.13}{\376\377\000L\000o\000c\000a\000l\000i\000z\000a\000c\000i\000\363\000n\000\040\000a\000n\000a\000l\000\355\000t\000i\000c\000a\000\040\000d\000e\000\040\000c\000e\000r\000o\000s\000\040\000e\000n\000\040\000l\000a\000\040\000r\000e\000c\000t\000a\000\040\000c\000r\000\355\000t\000i\000c\000a}{}% 15
\BOOKMARK [1][-]{section.14}{\376\377\000T\000e\000o\000r\000e\000m\000a\000\040\000d\000e\000\040\000S\000u\000o\000r\000e\000m\000a\000\040\000/\000\040\000S\000u\000o\000r\000e\000m\000a\000\040\000T\000h\000e\000o\000r\000e\000m\000:\000\040\000F\000\363\000r\000m\000u\000l\000a\000\040\000E\000x\000p\000l\000\355\000c\000i\000t\000a\000\040\000C\000o\000m\000p\000l\000e\000t\000a}{}% 16
\BOOKMARK [2][-]{subsection.14.1}{\376\377\000I\000m\000p\000l\000i\000c\000a\000c\000i\000o\000n\000e\000s\000\040\000y\000\040\000P\000e\000r\000s\000p\000e\000c\000t\000i\000v\000a\000s}{section.14}% 17
\BOOKMARK [2][-]{subsection.14.2}{\376\377\000M\000a\000r\000c\000o\000\040\000C\000o\000n\000c\000e\000p\000t\000u\000a\000l}{section.14}% 18
\BOOKMARK [1][-]{section.15}{\376\377\000C\000o\000n\000c\000l\000u\000s\000i\000o\000n}{}% 19
\BOOKMARK [2][-]{subsection.15.1}{\376\377\000S\000u\000m\000m\000a\000r\000y\000\040\000o\000f\000\040\000R\000e\000s\000u\000l\000t\000s}{section.15}% 20
\BOOKMARK [2][-]{subsection.15.2}{\376\377\000S\000i\000g\000n\000i\000f\000i\000c\000a\000n\000c\000e\000\040\000a\000n\000d\000\040\000I\000m\000p\000a\000c\000t}{section.15}% 21
\BOOKMARK [2][-]{subsection.15.3}{\376\377\000F\000u\000t\000u\000r\000e\000\040\000D\000i\000r\000e\000c\000t\000i\000o\000n\000s}{section.15}% 22
\BOOKMARK [2][-]{subsection.15.4}{\376\377\000F\000i\000n\000a\000l\000\040\000R\000e\000m\000a\000r\000k\000s}{section.15}% 23
\BOOKMARK [1][-]{appendix.A}{\376\377\000T\000r\000a\000c\000e\000-\000C\000l\000a\000s\000s\000\040\000C\000o\000n\000v\000e\000r\000g\000e\000n\000c\000e}{}% 24
\BOOKMARK [1][-]{appendix.B}{\376\377\000N\000u\000m\000e\000r\000i\000c\000a\000l\000\040\000V\000a\000l\000i\000d\000a\000t\000i\000o\000n}{}% 25
\BOOKMARK [2][-]{subsection.B.1}{\376\377\000V\000a\000l\000i\000d\000a\000t\000i\000o\000n\000\040\000o\000f\000\040\000T\000e\000s\000t\000\040\000F\000u\000n\000c\000t\000i\000o\000n\000s}{appendix.B}% 26
\BOOKMARK [2][-]{subsection.B.2}{\376\377\000C\000r\000i\000t\000i\000c\000a\000l\000\040\000L\000i\000n\000e\000\040\000V\000e\000r\000i\000f\000i\000c\000a\000t\000i\000o\000n}{appendix.B}% 27
\BOOKMARK [2][-]{subsection.B.3}{\376\377\000C\000o\000m\000p\000u\000t\000a\000t\000i\000o\000n\000a\000l\000\040\000F\000r\000a\000m\000e\000w\000o\000r\000k}{appendix.B}% 28
